<?xml version="1.0" encoding="UTF-8"?>
<!-- Generated by org.testng.reporters.JUnitReportReporter -->
<testsuite hostname="Maysoons-MacBook-Pro.local" failures="0" tests="1" name="Tests.SubscriptionTests" time="216.104" errors="0" timestamp="07 May 2023 21:47:21 GMT" skipped="0">
  <testcase classname="Tests.SubscriptionTests" name="ValidateClassicPackagesPricesPerCountry" time="216.104"/>
</testsuite> <!-- Tests.SubscriptionTests -->
